0 info it worked if it ends with ok
1 verbose cli [ 'C:\\Program Files\\nodejs\\node.exe',
1 verbose cli   'C:\\Program Files\\nodejs\\node_modules\\npm\\bin\\npm-cli.js',
1 verbose cli   'run',
1 verbose cli   'build' ]
2 info using npm@3.10.10
3 info using node@v6.11.1
4 verbose run-script [ 'prebuild', 'build', 'postbuild' ]
5 info lifecycle heroes@1.0.0~prebuild: heroes@1.0.0
6 silly lifecycle heroes@1.0.0~prebuild: no script for prebuild, continuing
7 info lifecycle heroes@1.0.0~build: heroes@1.0.0
8 verbose lifecycle heroes@1.0.0~build: unsafe-perm in lifecycle true
9 verbose lifecycle heroes@1.0.0~build: PATH: C:\Users\u6041183\AppData\Roaming\nvm\v6.11.1\node_modules\npm\bin\node-gyp-bin;C:\dev\openSource\fruits\node_modules\.bin;C:\Users\u6041183\bin;C:\Program Files\Git\mingw64\bin;C:\Program Files\Git\usr\local\bin;C:\Program Files\Git\usr\bin;C:\Program Files\Git\usr\bin;C:\Program Files\Git\mingw64\bin;C:\Program Files\Git\usr\bin;C:\Users\u6041183\bin;C:\ProgramData\Oracle\Java\javapath;C:\WINDOWS\system32;C:\WINDOWS;C:\WINDOWS\System32\Wbem;C:\WINDOWS\System32\WindowsPowerShell\v1.0;C:\WINDOWS\System32\WindowsPowerShell\v1.0;C:\Program Files (x86)\Common Files\Check Point\UIFramework 3.0\Bin;C:\Program Files (x86)\CheckPoint\Endpoint Security\Endpoint Common\bin;C:\Program Files\Collaborator Client;C:\Program Files\Intel\WiFi\bin;C:\Program Files\Common Files\Intel\WirelessCommon;C:\Program Files\TortoiseSVN\bin;C:\Program Files (x86)\Sennheiser\SoftphoneSDK;C:\Program Files (x86)\Yarn\bin;C:\WINDOWS\System32\WindowsPowerShell\v1.0;C:\Users\u6041183\python363\Scripts;C:\Program Files\Git\cmd;C:\Program Files (x86)\Windows Kits\8.1\Windows Performance Toolkit;C:\Users\u6041183\AppData\Roaming\nvm;C:\Program Files\nodejs;C:\Program Files (x86)\Symantec\VIP Access Client;C:\Users\u6041183\AppData\Local\Continuum\anaconda3;C:\Users\u6041183\AppData\Local\Continuum\anaconda3\Library\mingw-w64\bin;C:\Users\u6041183\AppData\Local\Continuum\anaconda3\Library\usr\bin;C:\Users\u6041183\AppData\Local\Continuum\anaconda3\Library\bin;C:\Users\u6041183\AppData\Local\Continuum\anaconda3\Scripts;C:\Users\u6041183\Scripts;C:\Users\u6041183;C:\Program Files\Intel\WiFi\bin;C:\Program Files\Common Files\Intel\WirelessCommon;C:\Users\u6041183\AppData\Local\Yarn\.bin;C:\Users\u6041183\AppData\Local\atom\bin;C:\Program Files\Heroku\bin;C:\Users\u6041183\AppData\Roaming\nvm;C:\Program Files\nodejs;C:\Program Files\MongoDB\Server\3.6\bin;C:\Program Files\Microsoft VS Code\bin;C:\Program Files\Git\usr\bin\vendor_perl;C:\Program Files\Git\usr\bin\core_perl
10 verbose lifecycle heroes@1.0.0~build: CWD: C:\dev\openSource\fruits
11 silly lifecycle heroes@1.0.0~build: Args: [ '/d /s /c', 'webpack ' ]
12 silly lifecycle heroes@1.0.0~build: Returned: code: 2  signal: null
13 info lifecycle heroes@1.0.0~build: Failed to exec build script
14 verbose stack Error: heroes@1.0.0 build: `webpack `
14 verbose stack Exit status 2
14 verbose stack     at EventEmitter.<anonymous> (C:\Users\u6041183\AppData\Roaming\nvm\v6.11.1\node_modules\npm\lib\utils\lifecycle.js:255:16)
14 verbose stack     at emitTwo (events.js:106:13)
14 verbose stack     at EventEmitter.emit (events.js:191:7)
14 verbose stack     at ChildProcess.<anonymous> (C:\Users\u6041183\AppData\Roaming\nvm\v6.11.1\node_modules\npm\lib\utils\spawn.js:40:14)
14 verbose stack     at emitTwo (events.js:106:13)
14 verbose stack     at ChildProcess.emit (events.js:191:7)
14 verbose stack     at maybeClose (internal/child_process.js:891:16)
14 verbose stack     at Process.ChildProcess._handle.onexit (internal/child_process.js:226:5)
15 verbose pkgid heroes@1.0.0
16 verbose cwd C:\dev\openSource\fruits
17 error Windows_NT 6.1.7601
18 error argv "C:\\Program Files\\nodejs\\node.exe" "C:\\Program Files\\nodejs\\node_modules\\npm\\bin\\npm-cli.js" "run" "build"
19 error node v6.11.1
20 error npm  v3.10.10
21 error code ELIFECYCLE
22 error heroes@1.0.0 build: `webpack `
22 error Exit status 2
23 error Failed at the heroes@1.0.0 build script 'webpack '.
23 error Make sure you have the latest version of node.js and npm installed.
23 error If you do, this is most likely a problem with the heroes package,
23 error not with npm itself.
23 error Tell the author that this fails on your system:
23 error     webpack
23 error You can get information on how to open an issue for this project with:
23 error     npm bugs heroes
23 error Or if that isn't available, you can get their info via:
23 error     npm owner ls heroes
23 error There is likely additional logging output above.
24 verbose exit [ 1, true ]
